<?xml version="1.0" encoding="UTF-8"?>
<testsuite xmlns:xsi="http://www.w3.org/2001/XMLSchema-instance" xsi:noNamespaceSchemaLocation="https://maven.apache.org/surefire/maven-surefire-plugin/xsd/surefire-test-report-3.0.xsd" version="3.0" name="InvoiceApprovalTest" time="0.124" tests="3" errors="0" skipped="0" failures="0">
  <properties>
    <property name="java.specification.version" value="21"/>
    <property name="sun.cpu.isalist" value="amd64"/>
    <property name="sun.jnu.encoding" value="Cp1252"/>
    <property name="java.class.path" value="C:\Users\HI\OneDrive\Desktop\InvoiceApprovalProject2\target\test-classes;C:\Users\HI\OneDrive\Desktop\InvoiceApprovalProject2\target\classes;C:\Users\HI\.m2\repository\junit\junit\4.13.2\junit-4.13.2.jar;C:\Users\HI\.m2\repository\org\hamcrest\hamcrest-core\1.3\hamcrest-core-1.3.jar;"/>
    <property name="java.vm.vendor" value="Eclipse Adoptium"/>
    <property name="sun.arch.data.model" value="64"/>
    <property name="user.variant" value=""/>
    <property name="java.vendor.url" value="https://adoptium.net/"/>
    <property name="user.timezone" value="Europe/Berlin"/>
    <property name="user.country.format" value="DE"/>
    <property name="os.name" value="Windows 11"/>
    <property name="java.vm.specification.version" value="21"/>
    <property name="sun.java.launcher" value="SUN_STANDARD"/>
    <property name="user.country" value="US"/>
    <property name="sun.boot.library.path" value="C:\Program Files\Eclipse Adoptium\jdk-21.0.7.6-hotspot\bin"/>
    <property name="sun.java.command" value="C:\Users\HI\AppData\Local\Temp\surefire4423033880660367784\surefirebooter-20250702005617077_3.jar C:\Users\HI\AppData\Local\Temp\surefire4423033880660367784 2025-07-02T00-56-16_895-jvmRun1 surefire-20250702005617077_1tmp surefire_0-20250702005617077_2tmp"/>
    <property name="jdk.debug" value="release"/>
    <property name="surefire.test.class.path" value="C:\Users\HI\OneDrive\Desktop\InvoiceApprovalProject2\target\test-classes;C:\Users\HI\OneDrive\Desktop\InvoiceApprovalProject2\target\classes;C:\Users\HI\.m2\repository\junit\junit\4.13.2\junit-4.13.2.jar;C:\Users\HI\.m2\repository\org\hamcrest\hamcrest-core\1.3\hamcrest-core-1.3.jar;"/>
    <property name="sun.cpu.endian" value="little"/>
    <property name="user.home" value="C:\Users\HI"/>
    <property name="user.language" value="en"/>
    <property name="java.specification.vendor" value="Oracle Corporation"/>
    <property name="java.version.date" value="2025-04-15"/>
    <property name="java.home" value="C:\Program Files\Eclipse Adoptium\jdk-21.0.7.6-hotspot"/>
    <property name="file.separator" value="\"/>
    <property name="basedir" value="C:\Users\HI\OneDrive\Desktop\InvoiceApprovalProject2"/>
    <property name="java.vm.compressedOopsMode" value="32-bit"/>
    <property name="line.separator" value="&#10;"/>
    <property name="java.vm.specification.vendor" value="Oracle Corporation"/>
    <property name="java.specification.name" value="Java Platform API Specification"/>
    <property name="surefire.real.class.path" value="C:\Users\HI\AppData\Local\Temp\surefire4423033880660367784\surefirebooter-20250702005617077_3.jar"/>
    <property name="user.script" value=""/>
    <property name="sun.management.compiler" value="HotSpot 64-Bit Tiered Compilers"/>
    <property name="java.runtime.version" value="21.0.7+6-LTS"/>
    <property name="user.name" value="HI"/>
    <property name="stdout.encoding" value="Cp1252"/>
    <property name="path.separator" value=";"/>
    <property name="os.version" value="10.0"/>
    <property name="java.runtime.name" value="OpenJDK Runtime Environment"/>
    <property name="file.encoding" value="UTF-8"/>
    <property name="java.vm.name" value="OpenJDK 64-Bit Server VM"/>
    <property name="java.vendor.version" value="Temurin-21.0.7+6"/>
    <property name="localRepository" value="C:\Users\HI\.m2\repository"/>
    <property name="java.vendor.url.bug" value="https://github.com/adoptium/adoptium-support/issues"/>
    <property name="java.io.tmpdir" value="C:\Users\HI\AppData\Local\Temp\"/>
    <property name="java.version" value="21.0.7"/>
    <property name="user.dir" value="C:\Users\HI\OneDrive\Desktop\InvoiceApprovalProject2"/>
    <property name="os.arch" value="amd64"/>
    <property name="java.vm.specification.name" value="Java Virtual Machine Specification"/>
    <property name="sun.os.patch.level" value=""/>
    <property name="native.encoding" value="Cp1252"/>
    <property name="java.library.path" value="C:\Program Files\Eclipse Adoptium\jdk-21.0.7.6-hotspot\bin;C:\WINDOWS\Sun\Java\bin;C:\WINDOWS\system32;C:\WINDOWS;C:\Program Files\Eclipse Adoptium\jdk-21.0.7.6-hotspot\bin;c:\Users\HI\AppData\Local\Programs\cursor\resources\app\bin;C:\Program Files\Common Files\Oracle\Java\javapath;C:\Windows\system32;C:\Windows;C:\Windows\System32\Wbem;C:\Windows\System32\WindowsPowerShell\v1.0\;C:\Windows\System32\OpenSSH\;C:\Program Files\Git\cmd;C:\Users\HI\AppData\Local\Microsoft\WindowsApps;C:\ProgramData\chocolatey\bin;C:\Program Files (x86)\Microsoft SQL Server\160\Tools\Binn\;C:\Program Files\Microsoft SQL Server\160\Tools\Binn\;C:\Program Files\Microsoft SQL Server\Client SDK\ODBC\170\Tools\Binn\;C:\Program Files\Microsoft SQL Server\160\DTS\Binn\;C:\Users\HI\AppData\Local\nvm;C:\nvm4w\nodejs;C:\Program Files\Neo4j\bin;C:\Users\HI\Downloads\apache-maven-3.9.9-bin\apache-maven-3.9.9\bin;C:\Users\HI\AppData\Local\Programs\Python\Python313\;C:\Users\HI\AppData\Local\Programs\Python\Python313\Scripts\;C:\Users\HI\AppData\Local\Google\Cloud SDK\google-cloud-sdk\bin\;C:\Program Files\MySQL\MySQL Server 8.0\bin;;C:\WINDOWS\system32;C:\WINDOWS;C:\WINDOWS\System32\Wbem;C:\WINDOWS\System32\WindowsPowerShell\v1.0\;C:\WINDOWS\System32\OpenSSH\;C:\Program Files (x86)\NVIDIA Corporation\PhysX\Common;C:\Program Files\NVIDIA Corporation\NVIDIA NvDLISR;c:\Users\HI\AppData\Local\Programs\cursor\resources\app\bin;C:\Program Files\Common Files\Oracle\Java\javapath;C:\Program Files\Eclipse Adoptium\jdk-21.0.5.11-hotspot\bin;C:\Windows\system32;C:\Windows;C:\Windows\System32\Wbem;C:\Windows\System32\WindowsPowerShell\v1.0\;C:\Windows\System32\OpenSSH\;C:\Program Files\Git\cmd;C:\Users\HI\AppData\Local\Microsoft\WindowsApps;C:\ProgramData\chocolatey\bin;C:\Program Files (x86)\Microsoft SQL Server\160\Tools\Binn\;C:\Program Files\Microsoft SQL Server\160\Tools\Binn\;C:\Program Files\Microsoft SQL Server\Client SDK\ODBC\170\Tools\Binn\;C:\Program Files\Microsoft SQL Server\160\DTS\Binn\;C:\Users\HI\AppData\Local\nvm;C:\nvm4w\nodejs;C:\Program Files\Neo4j\bin;C:\Users\HI\Downloads\apache-maven-3.9.9-bin\apache-maven-3.9.9\bin;C:\Users\HI\AppData\Local\Programs\Python\Python313\;C:\Users\HI\AppData\Local\Programs\Python\Python313\Scripts\;C:\Users\HI\AppData\Local\Google\Cloud SDK\google-cloud-sdk\bin\;c:\Us;C:\Users\HI\AppData\Local\Programs\Microsoft VS Code\bin;C:\Users\HI\AppData\Local\GitHubDesktop\bin;C:\Users\HI\AppData\Local\Microsoft\WindowsApps;;c:\Users\HI\AppData\Roaming\Code\User\globalStorage\github.copilot-chat\debugCommand;."/>
    <property name="java.vm.info" value="mixed mode, sharing"/>
    <property name="stderr.encoding" value="Cp1252"/>
    <property name="java.vendor" value="Eclipse Adoptium"/>
    <property name="java.vm.version" value="21.0.7+6-LTS"/>
    <property name="sun.io.unicode.encoding" value="UnicodeLittle"/>
    <property name="java.class.version" value="65.0"/>
  </properties>
  <testcase name="testApproveInvoice[0]" classname="InvoiceApprovalTest" time="0.049">
    <system-err><![CDATA[Jul 02, 2025 12:56:17 AM InvoiceApproval approveInvoice
INFO: Approving invoice for amount: 20000.0
Jul 02, 2025 12:56:17 AM InvoiceApproval approveInvoice
INFO: Invoice requires manager approval
]]></system-err>
  </testcase>
  <testcase name="testApproveInvoice[1]" classname="InvoiceApprovalTest" time="0.003">
    <system-err><![CDATA[Jul 02, 2025 12:56:17 AM InvoiceApproval approveInvoice
INFO: Approving invoice for amount: -100.0
Jul 02, 2025 12:56:17 AM InvoiceApproval approveInvoice
WARNING: Rejecting invoice due to invalid amount
]]></system-err>
  </testcase>
  <testcase name="testApproveInvoice[2]" classname="InvoiceApprovalTest" time="0.001">
    <system-err><![CDATA[Jul 02, 2025 12:56:17 AM InvoiceApproval approveInvoice
INFO: Approving invoice for amount: 5000.0
Jul 02, 2025 12:56:17 AM InvoiceApproval approveInvoice
INFO: Invoice auto-approved
]]></system-err>
  </testcase>
</testsuite>